Post Processor Report
OrCAD FILE: E:\EUROBOT 2010\ELECTRONICA\BALIZA FARO\DISENIO ELECTRONICO\MAIN\DESIGN1.MAX
Wed Oct 15 23:58:04 2014

*********************************************************

Output file: E:\EUROBOT 2010\ELECTRONICA\BALIZA FARO\DISENIO ELECTRONICO\MAIN\DESIGN1.TOP

Aperture totals for E:\EUROBOT 2010\ELECTRONICA\BALIZA FARO\DISENIO ELECTRONICO\MAIN\DESIGN1.TOP:
---------------------------------------------------------
D10:  0.0500 SQUARE --       0 Draws,      34 Flashes
D11:  0.0870 x 0.0320 RECTANGLE -----       4 Flashes
D12:  0.0260 x 0.1340 RECTANGLE -----       4 Flashes
D13:  0.0950 x 0.0510 RECTANGLE -----       4 Flashes
D14:  0.0760 x 0.0480 RECTANGLE -----       2 Flashes
D16:  0.0620 ROUND  --       0 Draws,      15 Flashes
D17:  0.0620 SQUARE --       0 Draws,       7 Flashes
D18:  0.0580 ROUND  --       0 Draws,       8 Flashes
D19:  0.0580 SQUARE --       0 Draws,       2 Flashes
D20:  0.0550 ROUND  --       0 Draws,       6 Flashes
D21:  0.0550 SQUARE --       0 Draws,       1 Flashes
D23:  0.0700 x 0.0180 OBLONG    -----      20 Flashes
D24:  0.0700 x 0.0180 RECTANGLE -----       2 Flashes
D25:  0.0180 x 0.0700 OBLONG    -----      19 Flashes
D26:  0.0180 x 0.0700 RECTANGLE -----       3 Flashes
D27:  0.0240 x 0.0790 RECTANGLE -----      36 Flashes
D28:  0.0880 x 0.1420 RECTANGLE -----       1 Flashes
D29:  0.0880 x 0.0480 RECTANGLE -----       3 Flashes
D32:  0.0100 ROUND  --     235 Draws,       0 Flashes
D33:  0.0120 ROUND  --     181 Draws,       0 Flashes
D37:  0.0150 ROUND  --     192 Draws,       0 Flashes
D38:  0.0400 ROUND  --       2 Draws,       0 Flashes
D39:  0.0200 ROUND  --     171 Draws,       0 Flashes
D40:  0.0080 ROUND  --     112 Draws,       0 Flashes
D41:  0.0250 ROUND  --      55 Draws,       0 Flashes
D78:  0.0420 ROUND  --       0 Draws,      80 Flashes
D82:  0.0334 x 0.0787 RECTANGLE -----      28 Flashes
D83:  0.0110 ROUND  --    3865 Draws,       0 Flashes
D84:  0.1500 ROUND  --       0 Draws,       5 Flashes
D85:  0.0790 ROUND  --       0 Draws,       5 Flashes
---------------------------------------------------------
 30 D-Codes      -----    4813 Draws,     289 Flashes

*********************************************************

Output file: E:\EUROBOT 2010\ELECTRONICA\BALIZA FARO\DISENIO ELECTRONICO\MAIN\DESIGN1.BOT

Aperture totals for E:\EUROBOT 2010\ELECTRONICA\BALIZA FARO\DISENIO ELECTRONICO\MAIN\DESIGN1.BOT:
---------------------------------------------------------
D10:  0.0500 SQUARE --       0 Draws,      22 Flashes
D16:  0.0620 ROUND  --       0 Draws,      15 Flashes
D17:  0.0620 SQUARE --       0 Draws,       7 Flashes
D18:  0.0580 ROUND  --       0 Draws,       8 Flashes
D19:  0.0580 SQUARE --       0 Draws,       2 Flashes
D20:  0.0550 ROUND  --       0 Draws,       6 Flashes
D21:  0.0550 SQUARE --       0 Draws,       1 Flashes
D32:  0.0100 ROUND  --      90 Draws,       0 Flashes
D33:  0.0120 ROUND  --     163 Draws,       0 Flashes
D37:  0.0150 ROUND  --     105 Draws,       0 Flashes
D38:  0.0400 ROUND  --      18 Draws,       0 Flashes
D39:  0.0200 ROUND  --      63 Draws,       0 Flashes
D40:  0.0080 ROUND  --      83 Draws,       0 Flashes
D41:  0.0250 ROUND  --     145 Draws,       0 Flashes
D42:  0.0600 SQUARE --       0 Draws,       2 Flashes
D43:  0.0320 x 0.0870 RECTANGLE -----       4 Flashes
D44:  0.0510 x 0.0950 RECTANGLE -----       2 Flashes
D45:  0.1160 x 0.0800 RECTANGLE -----       2 Flashes
D46:  0.0850 x 0.1080 RECTANGLE -----       2 Flashes
D47:  0.0360 x 0.0480 RECTANGLE -----       2 Flashes
D48:  0.1968 x 0.1772 RECTANGLE -----       2 Flashes
D49:  0.0630 x 0.1300 RECTANGLE -----       2 Flashes
D50:  0.0340 x 0.0400 RECTANGLE -----       2 Flashes
D51:  0.0340 x 0.0500 RECTANGLE -----       1 Flashes
D52:  0.0940 x 0.0250 OBLONG    -----      28 Flashes
D53:  0.0940 x 0.0250 RECTANGLE -----       4 Flashes
D54:  0.0250 x 0.0940 OBLONG    -----       7 Flashes
D55:  0.0250 x 0.0940 RECTANGLE -----       1 Flashes
D78:  0.0420 ROUND  --       0 Draws,      80 Flashes
D83:  0.0110 ROUND  --    4213 Draws,       0 Flashes
D84:  0.1500 ROUND  --       0 Draws,       5 Flashes
D85:  0.0790 ROUND  --       0 Draws,       5 Flashes
---------------------------------------------------------
 32 D-Codes      -----    4880 Draws,     212 Flashes

*********************************************************

Output file: E:\EUROBOT 2010\ELECTRONICA\BALIZA FARO\DISENIO ELECTRONICO\MAIN\DESIGN1.SMT

Aperture totals for E:\EUROBOT 2010\ELECTRONICA\BALIZA FARO\DISENIO ELECTRONICO\MAIN\DESIGN1.SMT:
---------------------------------------------------------
D10:  0.0500 SQUARE --       0 Draws,      34 Flashes
D11:  0.0870 x 0.0320 RECTANGLE -----       2 Flashes
D14:  0.0760 x 0.0480 RECTANGLE -----       2 Flashes
D16:  0.0620 ROUND  --       0 Draws,      15 Flashes
D17:  0.0620 SQUARE --       0 Draws,       7 Flashes
D18:  0.0580 ROUND  --       0 Draws,       8 Flashes
D19:  0.0580 SQUARE --       0 Draws,       2 Flashes
D20:  0.0550 ROUND  --       0 Draws,       6 Flashes
D21:  0.0550 SQUARE --       0 Draws,       1 Flashes
D23:  0.0700 x 0.0180 OBLONG    -----      20 Flashes
D24:  0.0700 x 0.0180 RECTANGLE -----       2 Flashes
D25:  0.0180 x 0.0700 OBLONG    -----      19 Flashes
D26:  0.0180 x 0.0700 RECTANGLE -----       3 Flashes
D28:  0.0880 x 0.1420 RECTANGLE -----       1 Flashes
D29:  0.0880 x 0.0480 RECTANGLE -----       3 Flashes
D32:  0.0100 ROUND  --       4 Draws,       0 Flashes
D64:  0.0890 x 0.0340 RECTANGLE -----       2 Flashes
D65:  0.0280 x 0.1360 RECTANGLE -----       4 Flashes
D66:  0.0970 x 0.0530 RECTANGLE -----       4 Flashes
D69:  0.0260 x 0.0810 RECTANGLE -----      36 Flashes
D78:  0.0420 ROUND  --       0 Draws,      80 Flashes
D82:  0.0334 x 0.0787 RECTANGLE -----      28 Flashes
D84:  0.1500 ROUND  --       0 Draws,       5 Flashes
D85:  0.0790 ROUND  --       0 Draws,       5 Flashes
---------------------------------------------------------
 24 D-Codes      -----       4 Draws,     289 Flashes

*********************************************************

Output file: E:\EUROBOT 2010\ELECTRONICA\BALIZA FARO\DISENIO ELECTRONICO\MAIN\DESIGN1.SMB

Aperture totals for E:\EUROBOT 2010\ELECTRONICA\BALIZA FARO\DISENIO ELECTRONICO\MAIN\DESIGN1.SMB:
---------------------------------------------------------
D10:  0.0500 SQUARE --       0 Draws,      22 Flashes
D16:  0.0620 ROUND  --       0 Draws,      15 Flashes
D17:  0.0620 SQUARE --       0 Draws,       7 Flashes
D18:  0.0580 ROUND  --       0 Draws,       8 Flashes
D19:  0.0580 SQUARE --       0 Draws,       2 Flashes
D20:  0.0550 ROUND  --       0 Draws,       6 Flashes
D21:  0.0550 SQUARE --       0 Draws,       1 Flashes
D32:  0.0100 ROUND  --       4 Draws,       0 Flashes
D42:  0.0600 SQUARE --       0 Draws,       2 Flashes
D43:  0.0320 x 0.0870 RECTANGLE -----       2 Flashes
D45:  0.1160 x 0.0800 RECTANGLE -----       2 Flashes
D47:  0.0360 x 0.0480 RECTANGLE -----       2 Flashes
D50:  0.0340 x 0.0400 RECTANGLE -----       2 Flashes
D51:  0.0340 x 0.0500 RECTANGLE -----       1 Flashes
D52:  0.0940 x 0.0250 OBLONG    -----      28 Flashes
D53:  0.0940 x 0.0250 RECTANGLE -----       4 Flashes
D54:  0.0250 x 0.0940 OBLONG    -----       7 Flashes
D55:  0.0250 x 0.0940 RECTANGLE -----       1 Flashes
D70:  0.0340 x 0.0890 RECTANGLE -----       2 Flashes
D71:  0.0530 x 0.0970 RECTANGLE -----       2 Flashes
D72:  0.0870 x 0.1100 RECTANGLE -----       2 Flashes
D73:  0.2200 x 0.2000 RECTANGLE -----       2 Flashes
D74:  0.0650 x 0.1320 RECTANGLE -----       2 Flashes
D78:  0.0420 ROUND  --       0 Draws,      80 Flashes
D84:  0.1500 ROUND  --       0 Draws,       5 Flashes
D85:  0.0790 ROUND  --       0 Draws,       5 Flashes
---------------------------------------------------------
 26 D-Codes      -----       4 Draws,     212 Flashes

*********************************************************

Output file: E:\EUROBOT 2010\ELECTRONICA\BALIZA FARO\DISENIO ELECTRONICO\MAIN\DESIGN1.SST

Aperture totals for E:\EUROBOT 2010\ELECTRONICA\BALIZA FARO\DISENIO ELECTRONICO\MAIN\DESIGN1.SST:
---------------------------------------------------------
D32:  0.0100 ROUND  --     869 Draws,       0 Flashes
D40:  0.0080 ROUND  --      90 Draws,       0 Flashes
D75:  0.0060 ROUND  --      75 Draws,       0 Flashes
D76:  0.0118 ROUND  --      12 Draws,       0 Flashes
D77:  0.0098 ROUND  --      20 Draws,       0 Flashes
---------------------------------------------------------
  5 D-Codes      -----    1066 Draws,       0 Flashes

*********************************************************

Output file: E:\EUROBOT 2010\ELECTRONICA\BALIZA FARO\DISENIO ELECTRONICO\MAIN\DESIGN1.SSB

Aperture totals for E:\EUROBOT 2010\ELECTRONICA\BALIZA FARO\DISENIO ELECTRONICO\MAIN\DESIGN1.SSB:
---------------------------------------------------------
D32:  0.0100 ROUND  --     436 Draws,       0 Flashes
D33:  0.0120 ROUND  --      81 Draws,       0 Flashes
D37:  0.0150 ROUND  --      67 Draws,       0 Flashes
D39:  0.0200 ROUND  --     131 Draws,       0 Flashes
D40:  0.0080 ROUND  --     130 Draws,       0 Flashes
D47:  0.0360 x 0.0480 RECTANGLE -----       2 Flashes
D75:  0.0060 ROUND  --      60 Draws,       0 Flashes
D79:  0.0079 ROUND  --       5 Draws,       0 Flashes
---------------------------------------------------------
  8 D-Codes      -----     910 Draws,       2 Flashes


*********************************************************

Aperture totals for entire project:
---------------------------------------------------------
D10:  0.0500 SQUARE --       0 Draws,     112 Flashes
D11:  0.0870 x 0.0320 RECTANGLE -----       6 Flashes
D12:  0.0260 x 0.1340 RECTANGLE -----       4 Flashes
D13:  0.0950 x 0.0510 RECTANGLE -----       4 Flashes
D14:  0.0760 x 0.0480 RECTANGLE -----       4 Flashes
D16:  0.0620 ROUND  --       0 Draws,      60 Flashes
D17:  0.0620 SQUARE --       0 Draws,      28 Flashes
D18:  0.0580 ROUND  --       0 Draws,      32 Flashes
D19:  0.0580 SQUARE --       0 Draws,       8 Flashes
D20:  0.0550 ROUND  --       0 Draws,      24 Flashes
D21:  0.0550 SQUARE --       0 Draws,       4 Flashes
D23:  0.0700 x 0.0180 OBLONG    -----      40 Flashes
D24:  0.0700 x 0.0180 RECTANGLE -----       4 Flashes
D25:  0.0180 x 0.0700 OBLONG    -----      38 Flashes
D26:  0.0180 x 0.0700 RECTANGLE -----       6 Flashes
D27:  0.0240 x 0.0790 RECTANGLE -----      36 Flashes
D28:  0.0880 x 0.1420 RECTANGLE -----       2 Flashes
D29:  0.0880 x 0.0480 RECTANGLE -----       6 Flashes
D32:  0.0100 ROUND  --    1638 Draws,       0 Flashes
D33:  0.0120 ROUND  --     425 Draws,       0 Flashes
D37:  0.0150 ROUND  --     364 Draws,       0 Flashes
D38:  0.0400 ROUND  --      20 Draws,       0 Flashes
D39:  0.0200 ROUND  --     365 Draws,       0 Flashes
D40:  0.0080 ROUND  --     415 Draws,       0 Flashes
D41:  0.0250 ROUND  --     200 Draws,       0 Flashes
D42:  0.0600 SQUARE --       0 Draws,       4 Flashes
D43:  0.0320 x 0.0870 RECTANGLE -----       6 Flashes
D44:  0.0510 x 0.0950 RECTANGLE -----       2 Flashes
D45:  0.1160 x 0.0800 RECTANGLE -----       4 Flashes
D46:  0.0850 x 0.1080 RECTANGLE -----       2 Flashes
D47:  0.0360 x 0.0480 RECTANGLE -----       6 Flashes
D48:  0.1968 x 0.1772 RECTANGLE -----       2 Flashes
D49:  0.0630 x 0.1300 RECTANGLE -----       2 Flashes
D50:  0.0340 x 0.0400 RECTANGLE -----       4 Flashes
D51:  0.0340 x 0.0500 RECTANGLE -----       2 Flashes
D52:  0.0940 x 0.0250 OBLONG    -----      56 Flashes
D53:  0.0940 x 0.0250 RECTANGLE -----       8 Flashes
D54:  0.0250 x 0.0940 OBLONG    -----      14 Flashes
D55:  0.0250 x 0.0940 RECTANGLE -----       2 Flashes
D64:  0.0890 x 0.0340 RECTANGLE -----       2 Flashes
D65:  0.0280 x 0.1360 RECTANGLE -----       4 Flashes
D66:  0.0970 x 0.0530 RECTANGLE -----       4 Flashes
D69:  0.0260 x 0.0810 RECTANGLE -----      36 Flashes
D70:  0.0340 x 0.0890 RECTANGLE -----       2 Flashes
D71:  0.0530 x 0.0970 RECTANGLE -----       2 Flashes
D72:  0.0870 x 0.1100 RECTANGLE -----       2 Flashes
D73:  0.2200 x 0.2000 RECTANGLE -----       2 Flashes
D74:  0.0650 x 0.1320 RECTANGLE -----       2 Flashes
D75:  0.0060 ROUND  --     135 Draws,       0 Flashes
D76:  0.0118 ROUND  --      12 Draws,       0 Flashes
D77:  0.0098 ROUND  --      20 Draws,       0 Flashes
D78:  0.0420 ROUND  --       0 Draws,     320 Flashes
D79:  0.0079 ROUND  --       5 Draws,       0 Flashes
D82:  0.0334 x 0.0787 RECTANGLE -----      56 Flashes
D83:  0.0110 ROUND  --    8078 Draws,       0 Flashes
D84:  0.1500 ROUND  --       0 Draws,      20 Flashes
D85:  0.0790 ROUND  --       0 Draws,      20 Flashes
---------------------------------------------------------
 57 D-Codes      -----   11677 Draws,    1004 Flashes


No warnings or errors.
